  sphere.cpp
  shape.cpp
  main.cpp
c:\users\usuario\desktop\rtis_students\src\main.cpp(240): warning C4101: 'B': variable local sin referencia
c:\users\usuario\desktop\rtis_students\src\main.cpp(238): warning C4101: 'roots': variable local sin referencia
c:\users\usuario\desktop\rtis_students\src\main.cpp(240): warning C4101: 'A': variable local sin referencia
c:\users\usuario\desktop\rtis_students\src\main.cpp(240): warning C4101: 'C': variable local sin referencia
  vector3d.cpp
  utils.cpp
  tester.cpp
  ray.cpp
  matrix4x4.cpp
  film.cpp
  eqsolver.cpp
  bitmap.cpp
  perspective.cpp
  ortographic.cpp
  camera.cpp
  Generando código...
  RTIS.vcxproj -> C:\Users\usuario\Desktop\RTIS_Students\VisualStudio2015\x64\Debug\RTIS.exe
  RTIS.vcxproj -> C:\Users\usuario\Desktop\RTIS_Students\VisualStudio2015\x64\Debug\RTIS.pdb (Partial PDB)
