  camera.cpp
  ortographic.cpp
  perspective.cpp
  bitmap.cpp
  eqsolver.cpp
  film.cpp
  intersection.cpp
  matrix4x4.cpp
  ray.cpp
  tester.cpp
  utils.cpp
  vector3d.cpp
  pointlightsource.cpp
  main.cpp
  material.cpp
  intersectionshader.cpp
  normalshader.cpp
  shader.cpp
  shape.cpp
  sphere.cpp
  Generando código...
main.obj : error LNK2019: símbolo externo "public: __cdecl DepthShader::DepthShader(struct Vector3D,double,struct Vector3D)" (??0DepthShader@@QEAA@UVector3D@@N0@Z) sin resolver al que se hace referencia en la función main
main.obj : error LNK2019: símbolo externo "public: __cdecl Phong::Phong(struct Vector3D,struct Vector3D,float)" (??0Phong@@QEAA@UVector3D@@0M@Z) sin resolver al que se hace referencia en la función "void __cdecl buildSceneSphere(class Camera * &,class Film * &,class std::vector<class Shape *,class std::allocator<class Shape *> > * &,class std::vector<class PointLightSource,class std::allocator<class PointLightSource> > * &)" (?buildSceneSphere@@YAXAEAPEAVCamera@@AEAPEAVFilm@@AEAPEAV?$vector@PEAVShape@@V?$allocator@PEAVShape@@@std@@@std@@AEAPEAV?$vector@VPointLightSource@@V?$allocator@VPointLightSource@@@std@@@4@@Z)
C:\Users\Marc\Desktop\syntheticImage\RTIS_A3-5\RTIS_Students_V2_2018\RTIS_Students_V2_2018\VisualStudio2015\RTIS_V2\x64\Debug\RTIS_V2.exe : fatal error LNK1120: 2 externos sin resolver
